----------------
IN: _start
0x80000000:  
OBJD-T: 910000a7d9aa58556d006913

----------------
IN: platform_init
0x800026da:  
OBJD-T: 91000037910000278032d92240f01b825524820380243f241380

----------------
IN: platform_init
0x80002716:  
OBJD-T: 40237433b0421dffe9ff

----------------
IN: platform_init
0x800026ee:  
OBJD-T: 80243f241380

----------------
IN: platform_init
0x800026f4:  
OBJD-T: 9100004791100038910000278042d9331038d92200001b82792080233f230880

----------------
IN: platform_init
0x80002720:  
OBJD-T: 403454434024b043b04274431dfff1ff

----------------
IN: platform_init
0x8000270e:  
OBJD-T: 80233f230880

----------------
IN: platform_init
0x80002714:  
OBJD-T: 0090

----------------
IN: _start
0x8000000c:  
OBJD-T: 6d003717

----------------
IN: main
0x80002e7a:  
OBJD-T: 6dff45ee

