warning: Architecture rejected target-supplied description
0xa0000178 in _trap_class3 ()
PC=Value can't be converted to integer.
Value can't be converted to integer.
PCX=0x1701a8 FCX=(nil) LCX=0x701a8
csa0=0x70006a00
0x70006a00:	0x001701a7	0x08000a82	0xfffffbcc	0xa0006d58
0x70006a10:	0xfffffbcc	0x00000025	0x0000006c	0x0000007a
0x70006a20:	0xa0005ee0	0xa0005ee1	0xa0003204	0xa000316c
0x70006a30:	0x00000000	0x00000800	0x00003000	0x08000a80
csa1=0x700069c0
0x700069c0:	0x001701a6	0x08000a81	0xfffffbcc	0xa000019c
0x700069d0:	0x00000004	0x00003000	0x00000002	0x0000007a
0x700069e0:	0xa0005eeb	0xa0005eed	0xa0003204	0xa000316c
0x700069f0:	0x00000000	0x00000800	0x00003000	0x08000a80
csa2=0x70006980
0x70006980:	0x001701a5	0x08000a80	0xfffffbdc	0xa00032b2
0x70006990:	0xfffffbe0	0x00000025	0x0000006c	0x0000007a
0x700069a0:	0xa0005eeb	0xa0005eed	0xa0003204	0xa000316c
0x700069b0:	0x00000000	0x00000800	0x00003000	0x08000a80
[Inferior 1 (Remote target) detached]
