warning: Architecture rejected target-supplied description
0xa00064e8 in ulmk_arch_cpu_idle ()
PC=Value can't be converted to integer.
Value can't be converted to integer.
PCX=0x3700ae FCX=0x700ba LCX=0x701a8
csa0=0x70002b80
0x70002b80:	0x003700ad	0x18000981	0x70000968	0xa000be64
0x70002b90:	0x00000000	0x00000000	0x00000000	0x00000000
0x70002ba0:	0x00000000	0x00000000	0x70000970	0xa000be44
0x70002bb0:	0x00000000	0x00000000	0x00000000	0x00000000
csa1=0x70002b40
0x70002b40:	0x00000000	0x18000980	0x70000968	0xa0006e28
0x70002b50:	0x00000000	0x00000000	0x00000000	0x00000000
0x70002b60:	0x00000000	0x00000000	0x70000970	0xa000be44
0x70002b70:	0x00000000	0x00000000	0x00000000	0x00000000
csa2=(nil)
0x0:	0x00000000	0x00000000	0x00000000	0x00000000
0x10:	0x00000000	0x00000000	0x00000000	0x00000000
0x20:	0x00000000	0x00000000	0x00000000	0x00000000
0x30:	0x00000000	0x00000000	0x00000000	0x00000000
[Inferior 1 (Remote target) detached]
