warning: Architecture rejected target-supplied description
0xa0000020 in _start ()
attached
pc             0xa0000020          0xa0000020 <_start>
#0  0xa0000020 in _start ()
0x70009400 <g_ulmk_board_hil_scratch>:	0x00000000
0x70009404 <g_ulmk_console_log_len>:	0x00000000
0x70009408 <g_ulmk_console_log>:	0 '\000'	0 '\000'	0 '\000'	0 '\000'	0 '\000'	0 '\000'	0 '\000'	0 '\000'
0x70009410 <g_ulmk_console_log+8>:	0 '\000'	0 '\000'	0 '\000'	0 '\000'	0 '\000'	0 '\000'	0 '\000'	0 '\000'
0x70009418 <g_ulmk_console_log+16>:	0 '\000'	0 '\000'	0 '\000'	0 '\000'	0 '\000'	0 '\000'	0 '\000'	0 '\000'
0x70009420 <g_ulmk_console_log+24>:	0 '\000'	0 '\000'	0 '\000'	0 '\000'	0 '\000'	0 '\000'	0 '\000'	0 '\000'
0x70009428 <g_ulmk_console_log+32>:	0 '\000'	0 '\000'	0 '\000'	0 '\000'	0 '\000'	0 '\000'	0 '\000'	0 '\000'
0x70009430 <g_ulmk_console_log+40>:	0 '\000'	0 '\000'	0 '\000'	0 '\000'	0 '\000'	0 '\000'	0 '\000'	0 '\000'
0x70009438 <g_ulmk_console_log+48>:	0 '\000'	0 '\000'	0 '\000'	0 '\000'	0 '\000'	0 '\000'	0 '\000'	0 '\000'
0x70009440 <g_ulmk_console_log+56>:	0 '\000'	0 '\000'	0 '\000'	0 '\000'	0 '\000'	0 '\000'	0 '\000'	0 '\000'
0x70009448 <g_ulmk_console_log+64>:	0 '\000'	0 '\000'	0 '\000'	0 '\000'	0 '\000'	0 '\000'	0 '\000'	0 '\000'
0x70009450 <g_ulmk_console_log+72>:	0 '\000'	0 '\000'	0 '\000'	0 '\000'	0 '\000'	0 '\000'	0 '\000'	0 '\000'
0x70009458 <g_ulmk_console_log+80>:	0 '\000'	0 '\000'	0 '\000'	0 '\000'	0 '\000'	0 '\000'	0 '\000'	0 '\000'
0x70009460 <g_ulmk_console_log+88>:	0 '\000'	0 '\000'	0 '\000'	0 '\000'	0 '\000'	0 '\000'	0 '\000'	0 '\000'
0x70009468 <g_ulmk_console_log+96>:	0 '\000'	0 '\000'	0 '\000'	0 '\000'	0 '\000'	0 '\000'	0 '\000'	0 '\000'
0x70009470 <g_ulmk_console_log+104>:	0 '\000'	0 '\000'	0 '\000'	0 '\000'	0 '\000'	0 '\000'	0 '\000'	0 '\000'
0x70009478 <g_ulmk_console_log+112>:	0 '\000'	0 '\000'	0 '\000'	0 '\000'	0 '\000'	0 '\000'	0 '\000'	0 '\000'
0x70009480 <g_ulmk_console_log+120>:	0 '\000'	0 '\000'	0 '\000'	0 '\000'	0 '\000'	0 '\000'	0 '\000'	0 '\000'
0x70009488 <g_ulmk_console_log+128>:	0 '\000'	0 '\000'	0 '\000'	0 '\000'	0 '\000'	0 '\000'	0 '\000'	0 '\000'
0x70009490 <g_ulmk_console_log+136>:	0 '\000'	0 '\000'	0 '\000'	0 '\000'	0 '\000'	0 '\000'	0 '\000'	0 '\000'
0x70009498 <g_ulmk_console_log+144>:	0 '\000'	0 '\000'	0 '\000'	0 '\000'	0 '\000'	0 '\000'	0 '\000'	0 '\000'
0x700094a0 <g_ulmk_console_log+152>:	0 '\000'	0 '\000'	0 '\000'	0 '\000'	0 '\000'	0 '\000'	0 '\000'	0 '\000'
0x700094a8 <g_ulmk_console_log+160>:	0 '\000'	0 '\000'	0 '\000'	0 '\000'	0 '\000'	0 '\000'	0 '\000'	0 '\000'
0x700094b0 <g_ulmk_console_log+168>:	0 '\000'	0 '\000'	0 '\000'	0 '\000'	0 '\000'	0 '\000'	0 '\000'	0 '\000'
0x700094b8 <g_ulmk_console_log+176>:	0 '\000'	0 '\000'	0 '\000'	0 '\000'	0 '\000'	0 '\000'	0 '\000'	0 '\000'
0x700094c0 <g_ulmk_console_log+184>:	0 '\000'	0 '\000'	0 '\000'	0 '\000'	0 '\000'	0 '\000'	0 '\000'	0 '\000'
0x700094c8 <g_ulmk_console_log+192>:	0 '\000'	0 '\000'	0 '\000'	0 '\000'	0 '\000'	0 '\000'	0 '\000'	0 '\000'
0x700094d0 <g_ulmk_console_log+200>:	0 '\000'	0 '\000'	0 '\000'	0 '\000'	0 '\000'	0 '\000'	0 '\000'	0 '\000'
0x700094d8 <g_ulmk_console_log+208>:	0 '\000'	0 '\000'	0 '\000'	0 '\000'	0 '\000'	0 '\000'	0 '\000'	0 '\000'
0x700094e0 <g_ulmk_console_log+216>:	0 '\000'	0 '\000'	0 '\000'	0 '\000'	0 '\000'	0 '\000'	0 '\000'	0 '\000'
0x700094e8 <g_ulmk_console_log+224>:	0 '\000'	0 '\000'	0 '\000'	0 '\000'	0 '\000'	0 '\000'	0 '\000'	0 '\000'
0x700094f0 <g_ulmk_console_log+232>:	0 '\000'	0 '\000'	0 '\000'	0 '\000'	0 '\000'	0 '\000'	0 '\000'	0 '\000'
0x700094f8 <g_ulmk_console_log+240>:	0 '\000'	0 '\000'	0 '\000'	0 '\000'	0 '\000'	0 '\000'	0 '\000'	0 '\000'
0x70009500 <g_ulmk_console_log+248>:	0 '\000'	0 '\000'	0 '\000'	0 '\000'	0 '\000'	0 '\000'	0 '\000'	0 '\000'
0x70009508 <g_ulmk_console_log+256>:	0 '\000'	0 '\000'	0 '\000'	0 '\000'	0 '\000'	0 '\000'	0 '\000'	0 '\000'
0x70009510 <g_ulmk_console_log+264>:	0 '\000'	0 '\000'	0 '\000'	0 '\000'	0 '\000'	0 '\000'	0 '\000'	0 '\000'
0x70009518 <g_ulmk_console_log+272>:	0 '\000'	0 '\000'	0 '\000'	0 '\000'	0 '\000'	0 '\000'	0 '\000'	0 '\000'
0x70009520 <g_ulmk_console_log+280>:	0 '\000'	0 '\000'	0 '\000'	0 '\000'	0 '\000'	0 '\000'	0 '\000'	0 '\000'
0x70009528 <g_ulmk_console_log+288>:	0 '\000'	0 '\000'	0 '\000'	0 '\000'	0 '\000'	0 '\000'	0 '\000'	0 '\000'
0x70009530 <g_ulmk_console_log+296>:	0 '\000'	0 '\000'	0 '\000'	0 '\000'	0 '\000'	0 '\000'	0 '\000'	0 '\000'
0x70009538 <g_ulmk_console_log+304>:	0 '\000'	0 '\000'	0 '\000'	0 '\000'	0 '\000'	0 '\000'	0 '\000'	0 '\000'
0x70009540 <g_ulmk_console_log+312>:	0 '\000'	0 '\000'	0 '\000'	0 '\000'	0 '\000'	0 '\000'	0 '\000'	0 '\000'
0x70009548 <g_ulmk_console_log+320>:	0 '\000'	0 '\000'	0 '\000'	0 '\000'	0 '\000'	0 '\000'	0 '\000'	0 '\000'
0x70009550 <g_ulmk_console_log+328>:	0 '\000'	0 '\000'	0 '\000'	0 '\000'	0 '\000'	0 '\000'	0 '\000'	0 '\000'
0x70009558 <g_ulmk_console_log+336>:	0 '\000'	0 '\000'	0 '\000'	0 '\000'	0 '\000'	0 '\000'	0 '\000'	0 '\000'
0x70009560 <g_ulmk_console_log+344>:	0 '\000'	0 '\000'	0 '\000'	0 '\000'	0 '\000'	0 '\000'	0 '\000'	0 '\000'
0x70009568 <g_ulmk_console_log+352>:	0 '\000'	0 '\000'	0 '\000'	0 '\000'	0 '\000'	0 '\000'	0 '\000'	0 '\000'
0x70009570 <g_ulmk_console_log+360>:	0 '\000'	0 '\000'	0 '\000'	0 '\000'	0 '\000'	0 '\000'	0 '\000'	0 '\000'
0x70009578 <g_ulmk_console_log+368>:	0 '\000'	0 '\000'	0 '\000'	0 '\000'	0 '\000'	0 '\000'	0 '\000'	0 '\000'
0x70009580 <g_ulmk_console_log+376>:	0 '\000'	0 '\000'	0 '\000'	0 '\000'	0 '\000'	0 '\000'	0 '\000'	0 '\000'
0x70009588 <g_ulmk_console_log+384>:	0 '\000'	0 '\000'	0 '\000'	0 '\000'	0 '\000'	0 '\000'	0 '\000'	0 '\000'
0x70009590 <g_ulmk_console_log+392>:	0 '\000'	0 '\000'	0 '\000'	0 '\000'	0 '\000'	0 '\000'	0 '\000'	0 '\000'
0x70009598 <g_ulmk_console_log+400>:	0 '\000'	0 '\000'	0 '\000'	0 '\000'	0 '\000'	0 '\000'	0 '\000'	0 '\000'
0x700095a0 <g_ulmk_console_log+408>:	0 '\000'	0 '\000'	0 '\000'	0 '\000'	0 '\000'	0 '\000'	0 '\000'	0 '\000'
0x700095a8 <g_ulmk_console_log+416>:	0 '\000'	0 '\000'	0 '\000'	0 '\000'	0 '\000'	0 '\000'	0 '\000'	0 '\000'
0x700095b0 <g_ulmk_console_log+424>:	0 '\000'	0 '\000'	0 '\000'	0 '\000'	0 '\000'	0 '\000'	0 '\000'	0 '\000'
0x700095b8 <g_ulmk_console_log+432>:	0 '\000'	0 '\000'	0 '\000'	0 '\000'	0 '\000'	0 '\000'	0 '\000'	0 '\000'
0x700095c0 <g_ulmk_console_log+440>:	0 '\000'	0 '\000'	0 '\000'	0 '\000'	0 '\000'	0 '\000'	0 '\000'	0 '\000'
0x700095c8 <g_ulmk_console_log+448>:	0 '\000'	0 '\000'	0 '\000'	0 '\000'	0 '\000'	0 '\000'	0 '\000'	0 '\000'
0x700095d0 <g_ulmk_console_log+456>:	0 '\000'	0 '\000'	0 '\000'	0 '\000'	0 '\000'	0 '\000'	0 '\000'	0 '\000'
0x700095d8 <g_ulmk_console_log+464>:	0 '\000'	0 '\000'	0 '\000'	0 '\000'	0 '\000'	0 '\000'	0 '\000'	0 '\000'
0x700095e0 <g_ulmk_console_log+472>:	0 '\000'	0 '\000'	0 '\000'	0 '\000'	0 '\000'	0 '\000'	0 '\000'	0 '\000'
0x700095e8 <g_ulmk_console_log+480>:	0 '\000'	0 '\000'	0 '\000'	0 '\000'	0 '\000'	0 '\000'	0 '\000'	0 '\000'
0x700095f0 <g_ulmk_console_log+488>:	0 '\000'	0 '\000'	0 '\000'	0 '\000'	0 '\000'	0 '\000'	0 '\000'	0 '\000'
0x700095f8 <g_ulmk_console_log+496>:	0 '\000'	0 '\000'	0 '\000'	0 '\000'	0 '\000'	0 '\000'	0 '\000'	0 '\000'
0x70009600 <g_ulmk_console_log+504>:	0 '\000'	0 '\000'	0 '\000'	0 '\000'	0 '\000'	0 '\000'	0 '\000'	0 '\000'
0x70009608 <g_ulmk_console_log+512>:	0 '\000'	0 '\000'	0 '\000'	0 '\000'	0 '\000'	0 '\000'	0 '\000'	0 '\000'
0x70009610 <g_ulmk_console_log+520>:	0 '\000'	0 '\000'	0 '\000'	0 '\000'	0 '\000'	0 '\000'	0 '\000'	0 '\000'
0x70009618 <g_ulmk_console_log+528>:	0 '\000'	0 '\000'	0 '\000'	0 '\000'	0 '\000'	0 '\000'	0 '\000'	0 '\000'
0x70009620 <g_ulmk_console_log+536>:	0 '\000'	0 '\000'	0 '\000'	0 '\000'	0 '\000'	0 '\000'	0 '\000'	0 '\000'
0x70009628 <g_ulmk_console_log+544>:	0 '\000'	0 '\000'	0 '\000'	0 '\000'	0 '\000'	0 '\000'	0 '\000'	0 '\000'
0x70009630 <g_ulmk_console_log+552>:	0 '\000'	0 '\000'	0 '\000'	0 '\000'	0 '\000'	0 '\000'	0 '\000'	0 '\000'
0x70009638 <g_ulmk_console_log+560>:	0 '\000'	0 '\000'	0 '\000'	0 '\000'	0 '\000'	0 '\000'	0 '\000'	0 '\000'
0x70009640 <g_ulmk_console_log+568>:	0 '\000'	0 '\000'	0 '\000'	0 '\000'	0 '\000'	0 '\000'	0 '\000'	0 '\000'
0x70009648 <g_ulmk_console_log+576>:	0 '\000'	0 '\000'	0 '\000'	0 '\000'	0 '\000'	0 '\000'	0 '\000'	0 '\000'
0x70009650 <g_ulmk_console_log+584>:	0 '\000'	0 '\000'	0 '\000'	0 '\000'	0 '\000'	0 '\000'	0 '\000'	0 '\000'
0x70009658 <g_ulmk_console_log+592>:	0 '\000'	0 '\000'	0 '\000'	0 '\000'	0 '\000'	0 '\000'	0 '\000'	0 '\000'
0x70009660 <g_ulmk_console_log+600>:	0 '\000'	0 '\000'	0 '\000'	0 '\000'	0 '\000'	0 '\000'	0 '\000'	0 '\000'
0x70009668 <g_ulmk_console_log+608>:	0 '\000'	0 '\000'	0 '\000'	0 '\000'	0 '\000'	0 '\000'	0 '\000'	0 '\000'
0x70009670 <g_ulmk_console_log+616>:	0 '\000'	0 '\000'	0 '\000'	0 '\000'	0 '\000'	0 '\000'	0 '\000'	0 '\000'
0x70009678 <g_ulmk_console_log+624>:	0 '\000'	0 '\000'	0 '\000'	0 '\000'	0 '\000'	0 '\000'	0 '\000'	0 '\000'
0x70009680 <g_ulmk_console_log+632>:	0 '\000'	0 '\000'	0 '\000'	0 '\000'	0 '\000'	0 '\000'	0 '\000'	0 '\000'
0x70009688 <g_ulmk_console_log+640>:	0 '\000'	0 '\000'	0 '\000'	0 '\000'	0 '\000'	0 '\000'	0 '\000'	0 '\000'
0x70009690 <g_ulmk_console_log+648>:	0 '\000'	0 '\000'	0 '\000'	0 '\000'	0 '\000'	0 '\000'	0 '\000'	0 '\000'
0x70009698 <g_ulmk_console_log+656>:	0 '\000'	0 '\000'	0 '\000'	0 '\000'	0 '\000'	0 '\000'	0 '\000'	0 '\000'
0x700096a0 <g_ulmk_console_log+664>:	0 '\000'	0 '\000'	0 '\000'	0 '\000'	0 '\000'	0 '\000'	0 '\000'	0 '\000'
0x700096a8 <g_ulmk_console_log+672>:	0 '\000'	0 '\000'	0 '\000'	0 '\000'	0 '\000'	0 '\000'	0 '\000'	0 '\000'
0x700096b0 <g_ulmk_console_log+680>:	0 '\000'	0 '\000'	0 '\000'	0 '\000'	0 '\000'	0 '\000'	0 '\000'	0 '\000'
0x700096b8 <g_ulmk_console_log+688>:	0 '\000'	0 '\000'	0 '\000'	0 '\000'	0 '\000'	0 '\000'	0 '\000'	0 '\000'
0x700096c0 <g_ulmk_console_log+696>:	0 '\000'	0 '\000'	0 '\000'	0 '\000'	0 '\000'	0 '\000'	0 '\000'	0 '\000'
0x700096c8 <g_ulmk_console_log+704>:	0 '\000'	0 '\000'	0 '\000'	0 '\000'	0 '\000'	0 '\000'	0 '\000'	0 '\000'
0x700096d0 <g_ulmk_console_log+712>:	0 '\000'	0 '\000'	0 '\000'	0 '\000'	0 '\000'	0 '\000'	0 '\000'	0 '\000'
0x700096d8 <g_ulmk_console_log+720>:	0 '\000'	0 '\000'	0 '\000'	0 '\000'	0 '\000'	0 '\000'	0 '\000'	0 '\000'
0x700096e0 <g_ulmk_console_log+728>:	0 '\000'	0 '\000'	0 '\000'	0 '\000'	0 '\000'	0 '\000'	0 '\000'	0 '\000'
0x700096e8 <g_ulmk_console_log+736>:	0 '\000'	0 '\000'	0 '\000'	0 '\000'	0 '\000'	0 '\000'	0 '\000'	0 '\000'
0x700096f0 <g_ulmk_console_log+744>:	0 '\000'	0 '\000'	0 '\000'	0 '\000'	0 '\000'	0 '\000'	0 '\000'	0 '\000'
0x700096f8 <g_ulmk_console_log+752>:	0 '\000'	0 '\000'	0 '\000'	0 '\000'	0 '\000'	0 '\000'	0 '\000'	0 '\000'
0x70009700 <g_ulmk_console_log+760>:	0 '\000'	0 '\000'	0 '\000'	0 '\000'	0 '\000'	0 '\000'	0 '\000'	0 '\000'
0x70009708 <g_ulmk_console_log+768>:	0 '\000'	0 '\000'	0 '\000'	0 '\000'	0 '\000'	0 '\000'	0 '\000'	0 '\000'
0x70009710 <g_ulmk_console_log+776>:	0 '\000'	0 '\000'	0 '\000'	0 '\000'	0 '\000'	0 '\000'	0 '\000'	0 '\000'
0x70009718 <g_ulmk_console_log+784>:	0 '\000'	0 '\000'	0 '\000'	0 '\000'	0 '\000'	0 '\000'	0 '\000'	0 '\000'
0x70009720 <g_ulmk_console_log+792>:	0 '\000'	0 '\000'	0 '\000'	0 '\000'	0 '\000'	0 '\000'	0 '\000'	0 '\000'
0x70009728 <g_ulmk_console_log+800>:	0 '\000'	0 '\000'	0 '\000'	0 '\000'	0 '\000'	0 '\000'	0 '\000'	0 '\000'
0x70009730 <g_ulmk_console_log+808>:	0 '\000'	0 '\000'	0 '\000'	0 '\000'	0 '\000'	0 '\000'	0 '\000'	0 '\000'
0x70009738 <g_ulmk_console_log+816>:	0 '\000'	0 '\000'	0 '\000'	0 '\000'	0 '\000'	0 '\000'	0 '\000'	0 '\000'
0x70009740 <g_ulmk_console_log+824>:	0 '\000'	0 '\000'	0 '\000'	0 '\000'	0 '\000'	0 '\000'	0 '\000'	0 '\000'
0x70009748 <g_ulmk_console_log+832>:	0 '\000'	0 '\000'	0 '\000'	0 '\000'	0 '\000'	0 '\000'	0 '\000'	0 '\000'
0x70009750 <g_ulmk_console_log+840>:	0 '\000'	0 '\000'	0 '\000'	0 '\000'	0 '\000'	0 '\000'	0 '\000'	0 '\000'
0x70009758 <g_ulmk_console_log+848>:	0 '\000'	0 '\000'	0 '\000'	0 '\000'	0 '\000'	0 '\000'	0 '\000'	0 '\000'
0x70009760 <g_ulmk_console_log+856>:	0 '\000'	0 '\000'	0 '\000'	0 '\000'	0 '\000'	0 '\000'	0 '\000'	0 '\000'
0x70009768 <g_ulmk_console_log+864>:	0 '\000'	0 '\000'	0 '\000'	0 '\000'	0 '\000'	0 '\000'	0 '\000'	0 '\000'
0x70009770 <g_ulmk_console_log+872>:	0 '\000'	0 '\000'	0 '\000'	0 '\000'	0 '\000'	0 '\000'	0 '\000'	0 '\000'
0x70009778 <g_ulmk_console_log+880>:	0 '\000'	0 '\000'	0 '\000'	0 '\000'	0 '\000'	0 '\000'	0 '\000'	0 '\000'
0x70009780 <g_ulmk_console_log+888>:	0 '\000'	0 '\000'	0 '\000'	0 '\000'	0 '\000'	0 '\000'	0 '\000'	0 '\000'
0x70009788 <g_ulmk_console_log+896>:	0 '\000'	0 '\000'	0 '\000'	0 '\000'	0 '\000'	0 '\000'	0 '\000'	0 '\000'
0x70009790 <g_ulmk_console_log+904>:	0 '\000'	0 '\000'	0 '\000'	0 '\000'	0 '\000'	0 '\000'	0 '\000'	0 '\000'
0x70009798 <g_ulmk_console_log+912>:	0 '\000'	0 '\000'	0 '\000'	0 '\000'	0 '\000'	0 '\000'	0 '\000'	0 '\000'
0x700097a0 <g_ulmk_console_log+920>:	0 '\000'	0 '\000'	0 '\000'	0 '\000'	0 '\000'	0 '\000'	0 '\000'	0 '\000'
0x700097a8 <g_ulmk_console_log+928>:	0 '\000'	0 '\000'	0 '\000'	0 '\000'	0 '\000'	0 '\000'	0 '\000'	0 '\000'
0x700097b0 <g_ulmk_console_log+936>:	0 '\000'	0 '\000'	0 '\000'	0 '\000'	0 '\000'	0 '\000'	0 '\000'	0 '\000'
0x700097b8 <g_ulmk_console_log+944>:	0 '\000'	0 '\000'	0 '\000'	0 '\000'	0 '\000'	0 '\000'	0 '\000'	0 '\000'
0x700097c0 <g_ulmk_console_log+952>:	0 '\000'	0 '\000'	0 '\000'	0 '\000'	0 '\000'	0 '\000'	0 '\000'	0 '\000'
0x700097c8 <g_ulmk_console_log+960>:	0 '\000'	0 '\000'	0 '\000'	0 '\000'	0 '\000'	0 '\000'	0 '\000'	0 '\000'
0x700097d0 <g_ulmk_console_log+968>:	0 '\000'	0 '\000'	0 '\000'	0 '\000'	0 '\000'	0 '\000'	0 '\000'	0 '\000'
0x700097d8 <g_ulmk_console_log+976>:	0 '\000'	0 '\000'	0 '\000'	0 '\000'	0 '\000'	0 '\000'	0 '\000'	0 '\000'
0x700097e0 <g_ulmk_console_log+984>:	0 '\000'	0 '\000'	0 '\000'	0 '\000'	0 '\000'	0 '\000'	0 '\000'	0 '\000'
0x700097e8 <g_ulmk_console_log+992>:	0 '\000'	0 '\000'	0 '\000'	0 '\000'	0 '\000'	0 '\000'	0 '\000'	0 '\000'
0x700097f0 <g_ulmk_console_log+1000>:	0 '\000'	0 '\000'	0 '\000'	0 '\000'	0 '\000'	0 '\000'	0 '\000'	0 '\000'
0x700097f8 <g_ulmk_console_log+1008>:	0 '\000'	0 '\000'	0 '\000'	0 '\000'	0 '\000'	0 '\000'	0 '\000'	0 '\000'
0x70009800 <g_ulmk_console_log+1016>:	0 '\000'	0 '\000'	0 '\000'	0 '\000'	0 '\000'	0 '\000'	0 '\000'	0 '\000'
[Inferior 1 (Remote target) detached]
