warning: Architecture rejected target-supplied description
0xa00027bc in ulmk_kern_trap_panic ()
PC=0xa00027bc
CSA@0x70002cc0:
0x70002cc0:	0x003700b2	0x18001584	0x70008228	0xa0009630
0x70002cd0:	0x00000000	0x00000000	0x00000000	0x00000000
0x70002ce0:	0x00000000	0x00000000	0x70008230	0xa000b8b8
0x70002cf0:	0x00000000	0x00000000	0x00000000	0x00000000
A10(SP)=0x70008228 A11(RA)=0xa0009630 A14=0x70008230 A15=0xa000b8b8
store_addr A14-4=0x7000822c
0x7000822c <root_stack_g+4012>:	0x00000000	0x00000000	0x00000000	0x00000000
prev[0] link=0x3700b2 addr=0x70002c80
0x70002c80:	0x003700b1	0x18001583	0x70008230	0xa00087ec
0x70002c90:	0x00000000	0x00000000	0x00000000	0x00000000
0x70002ca0:	0x00000000	0x00000000	0x70008260	0xa000b8b8
0x70002cb0:	0x00000000	0x00000000	0x00000000	0x00000000
prev[1] link=0x3700b1 addr=0x70002c40
0x70002c40:	0x003700b0	0x18001582	0x70008260	0xa000723e
0x70002c50:	0x00000000	0x00000000	0x00000000	0x00000000
0x70002c60:	0x00000000	0x00000000	0x70008270	0xa000b8b8
0x70002c70:	0x00000000	0x00000000	0x00000000	0x00000000
prev[2] link=0x3700b0 addr=0x70002c00
0x70002c00:	0x003700af	0x18001581	0x70008270	0xa000b8d8
0x70002c10:	0x00000000	0x00000000	0x00000000	0x00000000
0x70002c20:	0x00000000	0x00000000	0x70008278	0xa000b8b8
0x70002c30:	0x00000000	0x00000000	0x00000000	0x00000000
prev[3] link=0x3700af addr=0x70002bc0
0x70002bc0:	0x00000000	0x18001580	0x70008278	0xa0006e1e
0x70002bd0:	0x00000000	0x00000000	0x00000000	0x00000000
0x70002be0:	0x00000000	0x00000000	0x70008280	0xa000b8b8
0x70002bf0:	0x00000000	0x00000000	0x00000000	0x00000000
[Inferior 1 (Remote target) detached]
