warning: Architecture rejected target-supplied description
0xa0000164 in _trap_class3 ()
PC=0xa0000164 D15=0x4
PCX=0x1701a8 FCX=(nil) LCX=0x701a8 PSW=0x8000a80 SP=0xfffffbcc
CSA0=0x70006a00
0x70006a00:	0x001701a7	0x08000a82	0xfffffbcc	0xa0006d58
0x70006a10:	0xfffffbcc	0x00000025	0x0000006c	0x0000007a
0x70006a20:	0xa0005ee0	0xa0005ee1	0xa0003204	0xa000316c
0x70006a30:	0x00000000	0x00000800	0x00003000	0x08000a80
CSA0 RA=0xa0006d58 SP=0xfffffbcc
CSA1=0x700069c0
0x700069c0:	0x001701a6	0x08000a81	0xfffffbcc	0xa000019c
0x700069d0:	0x00000004	0x00003000	0x00000002	0x0000007a
0x700069e0:	0xa0005eeb	0xa0005eed	0xa0003204	0xa000316c
0x700069f0:	0x00000000	0x00000800	0x00003000	0x08000a80
CSA1 RA=0xa000019c SP=0xfffffbcc
CSA2=0x70006980
0x70006980:	0x001701a5	0x08000a80	0xfffffbdc	0xa00032b2
0x70006990:	0xfffffbe0	0x00000025	0x0000006c	0x0000007a
0x700069a0:	0xa0005eeb	0xa0005eed	0xa0003204	0xa000316c
0x700069b0:	0x00000000	0x00000800	0x00003000	0x08000a80
CSA2 RA=0xa00032b2 SP=0xfffffbdc
CSA3=0x70006940
0x70006940:	0x001701a4	0x08000a82	0xfffffbdc	0xa0006d58
0x70006950:	0xfffffbe0	0x00000025	0x0000006c	0x0000007a
0x70006960:	0xa0005eeb	0xa0005eed	0xa0003204	0xa000316c
0x70006970:	0x00000000	0x00000800	0x00003000	0x08000a80
CSA3 RA=0xa0006d58 SP=0xfffffbdc
CSA4=0x70006900
0x70006900:	0x001701a3	0x08000a81	0xfffffbdc	0xa000019c
0x70006910:	0x00000004	0x00003000	0x00000002	0x0000007a
0x70006920:	0xa0005eeb	0xa0005eed	0xa0003204	0xa000316c
0x70006930:	0x00000000	0x00000800	0x00003000	0x08000a80
CSA4 RA=0xa000019c SP=0xfffffbdc
CSA5=0x700068c0
0x700068c0:	0x001701a2	0x08000a80	0xfffffbec	0xa00032b2
0x700068d0:	0xfffffbf0	0x00000025	0x0000006c	0x0000007a
0x700068e0:	0xa0005eeb	0xa0005eed	0xa0003204	0xa000316c
0x700068f0:	0x00000000	0x00000800	0x00003000	0x08000a80
CSA5 RA=0xa00032b2 SP=0xfffffbec
0xf7e19080:	0x00000000
0xf7e19084:	0x00000000
0x70008280 <g_ulmk_board_hil_scratch>:	0x00000001
[Inferior 1 (Remote target) detached]
