warning: Architecture rejected target-supplied description
0xa0000164 in _trap_class3 ()
0x70006880:	0x001701a1	0x08000a82	0xfffffbec	0xa0006d58
Invalid argument syntax
0x70006840:	0x001701a0	0x08000a81	0xfffffbec	0xa000019c
Invalid argument syntax
0x70006800:	0x0017019f	0x08000a80	0xfffffbfc	0xa00032b2
Invalid argument syntax
0x700067c0:	0x0017019e	0x08000a82	0xfffffbfc	0xa0006d58
Invalid argument syntax
0x70006780:	0x0017019d	0x08000a81	0xfffffbfc	0xa000019c
Invalid argument syntax
Invalid argument syntax
0x70006740:	0x0017019c	0x08000a80	0xfffffc0c	0xa00032b2
Invalid argument syntax
0x70006700:	0x0017019b	0x08000a82	0xfffffc0c	0xa0006d58
Invalid argument syntax
0x700066c0:	0x0017019a	0x08000a81	0xfffffc0c	0xa000019c
0x70006680:	0x00170199	0x08000a80	0xfffffc1c	0xa00032b2
Invalid argument syntax
0x70006640:	0x00170198	0x08000a82	0xfffffc1c	0xa0006d58
Invalid argument syntax
Invalid argument syntax
0x70006600:	0x00170197	0x08000a81	0xfffffc1c	0xa000019c
0x700065c0:	0x00170196	0x08000a80	0xfffffc2c	0xa00032b2
Invalid argument syntax
Invalid argument syntax
0x70006580:	0x00170195	0x08000a82	0xfffffc2c	0xa0006d58
0x70006540:	0x00170194	0x08000a81	0xfffffc2c	0xa000019c
Invalid argument syntax
Invalid argument syntax
0x70006500:	0x00170193	0x08000a80	0xfffffc3c	0xa00032b2
0x700064c0:	0x00170192	0x08000a82	0xfffffc3c	0xa0006d58
Invalid argument syntax
Invalid argument syntax
0x70006480:	0x00170191	0x08000a81	0xfffffc3c	0xa000019c
Invalid argument syntax
0x70006440:	0x00170190	0x08000a80	0xfffffc4c	0xa00032b2
0x70006400:	0x0017018f	0x08000a82	0xfffffc4c	0xa0006d58
Invalid argument syntax
[Inferior 1 (Remote target) detached]
