Open On-Chip Debugger 0.12.0+dev-g4fbdce8 (2026-07-09-10:36)
Licensed under GNU GPL v2
For bug reports, read
	http://openocd.org/doc/doxygen/bugs.html
Info : only one transport option; autoselecting 'tas'
force hard breakpoints
Info : Connecting to TAS server 127.0.0.1:24817
Info : Note: The adapter "tas_client" doesn't support configurable speed
Error: Target not examined yet
Info : [tc27x.cpu0] Examination succeed
Info : [tc27x.cpu0] starting gdb server on 3333
Info : Listening on port 3333 for gdb connections
===AFTER_INIT===
===AFTER_HALT===
===AFTER_RESUME===
===AFTER_HALT2===
0x70008280: 00000001 
PC (/32): 0xa0000162
shutdown command invoked
Warn : Flash driver of pflash0 does not support free_driver_priv()
