warning: Architecture rejected target-supplied description
0xa0000020 in _start ()
CPU0 pc
$1 = 0xa0000020
CPU1 PCCSFR ICR BIV PCXI DBGSR
0xf883fe08:	0xa0002698
0xf883fe2c:	0x00088000
0xf883fe20:	0xa0000200
0xf883fe00:	0x003700f7
0xf883fd00:	0x00000001
GPSR00 GPSR10
0xf0039000:	0x00360408
0xf0039020:	0x20350c08
g_seen g_armed
0x70000010 <g_seen_cpu1>:	0x00000000
0x70002bc8 <g_secondary_armed>:	0x00000000	0x00000001	0x00000000	0x00000001
percpu[0] then [1] (first 8 words each — need sizeof)
0x70001448 <g_ulmk_percpu>:	0x70001178	0x70001178	0x00000000	0x000700f3
0x70001458 <g_ulmk_percpu+16>:	0x00000100	0x00000000	0x700012d8	0x700012d8
0x70001468 <g_ulmk_percpu+32>:	0x00000000	0x00060003	0x00000100	0x00000000
0x70001478 <sched_class>:	0xa0003f04	0x00000000	0x00000000	0x00000000
0x70001488 <rq+4>:	0x00000000	0x00000000	0x00000000	0x00000000
0x70001498 <rq+20>:	0x00000000	0x00000000	0x00000000	0x700014a4
0x700014a8 <rq+36>:	0x700014a4	0x700014ac	0x700014ac	0x700014b4
0x700014b8 <rq+52>:	0x700014b4	0x700014bc	0x700014bc	0x700014c4
g_preempt_new_ctx
0x70002bb8 <g_preempt_new_ctx>:	0x00000000
[Inferior 1 (Remote target) detached]
