warning: Architecture rejected target-supplied description
0xa0000020 in _start ()
CPU1 BIV BTV ISP SYSCON ICR PSW CORE_ID
0xf883fe20:	0xa0000200
0xf883fe24:	0xa0000100
0xf883fe28:	0x60002800
0xf883fe14:	0x00000002
0xf883fe2c:	0x00088000
0xf883fe04:	0x18000981
0xf883fe1c:	0x00000001
CPU0 ICR for compare
0xf881fe2c:	0x00008000
needs_resched / online via percpu
0x70001448 <g_ulmk_percpu>:	0x70001178	0x70001178	0x00000000	0x000700f3
0x70001458 <g_ulmk_percpu+16>:	0x00000100	0x00000000	0x700012d8	0x700012d8
0x70001468 <g_ulmk_percpu+32>:	0x00000000	0x00060003	0x00000100	0x00000000
CPU1 percpu at +24?
0x70001460 <g_ulmk_percpu+24>:	0x700012d8	0x700012d8	0x00000000	0x00060003
0x70001470 <g_ulmk_percpu+40>:	0x00000100	0x00000000	0xa0003f04	0x00000000
0x70001480 <rq_lock>:	0x00000000	0x00000000	0x00000000	0x00000000
[Inferior 1 (Remote target) detached]
