warning: Architecture rejected target-supplied description
0xa0000020 in _start ()
=== after hang ===
0x70000010 <g_seen_cpu1>:	0x00000000
0x70001448 <g_ulmk_percpu>:	0x70001178	0x70001178	0x00000000	0x000700f3
0x70001458 <g_ulmk_percpu+16>:	0x00000100	0x00000000	0x700012d8	0x700012d8
0x70001468 <g_ulmk_percpu+32>:	0x00000000	0x00060003	0x00000100	0x00000000
0x70001478 <sched_class>:	0xa0003f04	0x00000000	0x00000000	0x00000000
CPU1 DBGSR ICR PCXI FCX
0xf883fd00:	0x00000001
0xf883fe2c:	0x00088000
0xf883fe00:	0x003700f7
0xf883fe38:	0x00060004
GPSR10
0xf0039020:	0x20350c08
force SETR then resume 2s
0x70000010 <g_seen_cpu1>:	0x00000000
0xf883fe2c:	0x00088000
0xf883fe08:	0xa00065a4
0x70009408 <g_ulmk_console_log>:	83 'S'	73 'I'	76 'L'	73 'I'	67 'C'	79 'O'	78 'N'	95 '_'
0x70009410 <g_ulmk_console_log+8>:	83 'S'	77 'M'	80 'P'	95 '_'	83 'S'	77 'M'	79 'O'	75 'K'
0x70009418 <g_ulmk_console_log+16>:	69 'E'	58 ':'	32 ' '	98 'b'	101 'e'	103 'g'	105 'i'	110 'n'
0x70009420 <g_ulmk_console_log+24>:	10 '\n'	0 '\000'	0 '\000'	0 '\000'	0 '\000'	0 '\000'	0 '\000'	0 '\000'
0x70009428 <g_ulmk_console_log+32>:	0 '\000'	0 '\000'	0 '\000'	0 '\000'	0 '\000'	0 '\000'	0 '\000'	0 '\000'
0x70009430 <g_ulmk_console_log+40>:	0 '\000'	0 '\000'	0 '\000'	0 '\000'	0 '\000'	0 '\000'	0 '\000'	0 '\000'
0x70009438 <g_ulmk_console_log+48>:	0 '\000'	0 '\000'	0 '\000'	0 '\000'	0 '\000'	0 '\000'	0 '\000'	0 '\000'
0x70009440 <g_ulmk_console_log+56>:	0 '\000'	0 '\000'	0 '\000'	0 '\000'	0 '\000'	0 '\000'	0 '\000'	0 '\000'
[Inferior 1 (Remote target) detached]
