warning: Architecture rejected target-supplied description
0xa0000020 in _start ()
==== CPU0 PC ====
pc=0xa0000020
#0  0xa0000020 in _start ()
==== seen / ipi / armed ====
0x70000010 <g_seen_cpu1>:	0x00000000
0x70002bf4 <g_ulmk_ipi_isr_count>:	0x00000000
0x70002bf0 <g_ulmk_ipi_send_count>:	0x00000000
0x70002c00 <g_secondary_armed>:	0x00000000	0x00000001
==== GPSR00/10 ====
0xf0039000:	0x00360408
0xf0039020:	0x00350c08
==== CPU1 CSFR PCXI FCX ICR DBGSR ====
0xf883fe00:	0x00360005
0xf883fe38:	0x00060004
0xf883fe2c:	0x00008000
0xf883fd00:	0x00000001
==== CPU1 PC reg ====
0xf883fe08:	0xa000269c
==== percpu[0] and [1] (guess layout) ====
0x70001470 <g_ulmk_percpu>:	0x70001188	0x70001188	0x00000000	0x000700f4
0x70001480 <g_ulmk_percpu+16>:	0x00000100	0x00000000	0x700012f4	0x700012f4
0x70001490 <g_ulmk_percpu+32>:	0x00000000	0x00060003	0x00000100	0x00000000
0x700014a0 <sched_class>:	0xa0003f9c	0x00000000	0x00000000	0x00000000
==== console ====
0x70009448 <g_ulmk_console_log>:	83 'S'	73 'I'	76 'L'	73 'I'	67 'C'	79 'O'	78 'N'	95 '_'
0x70009450 <g_ulmk_console_log+8>:	83 'S'	77 'M'	80 'P'	95 '_'	83 'S'	77 'M'	79 'O'	75 'K'
0x70009458 <g_ulmk_console_log+16>:	69 'E'	58 ':'	32 ' '	98 'b'	101 'e'	103 'g'	105 'i'	110 'n'
0x70009460 <g_ulmk_console_log+24>:	10 '\n'	0 '\000'	0 '\000'	0 '\000'	0 '\000'	0 '\000'	0 '\000'	0 '\000'
0x70009468 <g_ulmk_console_log+32>:	0 '\000'	0 '\000'	0 '\000'	0 '\000'	0 '\000'	0 '\000'	0 '\000'	0 '\000'
0x70009470 <g_ulmk_console_log+40>:	0 '\000'	0 '\000'	0 '\000'	0 '\000'	0 '\000'	0 '\000'	0 '\000'	0 '\000'
0x70009478 <g_ulmk_console_log+48>:	0 '\000'	0 '\000'	0 '\000'	0 '\000'	0 '\000'	0 '\000'	0 '\000'	0 '\000'
0x70009480 <g_ulmk_console_log+56>:	0 '\000'	0 '\000'	0 '\000'	0 '\000'	0 '\000'	0 '\000'	0 '\000'	0 '\000'
0x70009488 <g_ulmk_console_log+64>:	0 '\000'	0 '\000'	0 '\000'	0 '\000'	0 '\000'	0 '\000'	0 '\000'	0 '\000'
0x70009490 <g_ulmk_console_log+72>:	0 '\000'	0 '\000'	0 '\000'	0 '\000'	0 '\000'	0 '\000'	0 '\000'	0 '\000'
[Inferior 1 (Remote target) detached]
