0xa0009630
pinmux_init
??:?
0xa00090ea
ulmk_ep_create
server.c:?
0xa00087ec
board_services_init
??:?
0xa000723e
ulmk_root_thread
??:?
0xa000b8d8
ulmk_user_thread_entry
??:?
0xa0006e1e
_ulmk_thread_trampoline
??:?
0xa000019c
_trap_class4
??:?
0xa00001ee
_trap_class6
??:?
0xa00027bc
ulmk_kern_trap_panic
??:?
0xa00032b2
_ulmk_printk
??:?
0xa0006d2a
ulmk_arch_trap_entry
??:?
0xa0006d7a
ulmk_arch_trap_entry
??:?
0xa000316c
_ulmk_printk
??:?
0xa000b8b8
ulmk_user_thread_entry
??:?
0xa0005eed
dump_puts
arch.c:?
0xa0003204
_ulmk_printk
??:?
0xa00090e2
ulmk_ep_create
server.c:?
0xa00087d8
board_services_init
??:?
0xa00095e8
pinmux_init
??:?
