=== gdb-trap-decode.out ===
warning: Architecture rejected target-supplied description
0xa0002880 in ulmk_kern_trap_panic ()
PC=Value can't be converted to integer.
Value can't be converted to integer.
PCX=0x1700f5
PSW=0x8000a82
FCX=0x700f6 LCX=0x701f0
pcxi_raw=0x001700f5
csa0=0x70003d40
0x70003d40:	0x001700f4	0x08000a81	0x70003b78	0xa000019c
0x70003d50:	0x00000004	0x00003000	0x00000003	0x80008051
0x70003d60:	0xf8001000	0x00000000	0x70003bf0	0xf8000528
0x70003d70:	0x00002c50	0x00000004	0x00003000	0x08000a80
csa1=0x70003d00 link=0x001700f4
0x70003d00:	0x001700f3	0x08000a80	0x70003b88	0xa000956c
0x70003d10:	0x80008051	0x00000001	0x0000007d	0x80008051
0x70003d20:	0xf8001000	0x00000000	0x70003bf0	0xf8000528
0x70003d30:	0x00002c50	0x00000004	0x00003000	0x08000a80
csa2=0x70003cc0 link=0x001700f3
0x70003cc0:	0x001700f2	0x08000b82	0x70003b88	0xa0009600
0x70003cd0:	0x80008051	0x00000001	0x0000007d	0x80008051
0x70003ce0:	0xf8001000	0x00000000	0x70003bf0	0xf8000528
0x70003cf0:	0x00002c50	0x00000004	0x00000000	0x00000000
No symbol matches *($csa1+12).
No symbol matches *($csa2+12).
[Inferior 1 (Remote target) detached]
/home/ulipe/fun/ulmk/.hil_tmp/trap_decode.sh: line 15: 881062 Killed                  "$OCD" -s "$SCRIPTS" -s "$BOARD/openocd" -f "$CFG_NAKED" > "$OUT/ocd-trap.log" 2>&1
DONE_TRAP
