=== rebuild blinky (I2C fine-init deferred) ===
--- configure ---
Not searching for unused variables given on the command line.
-- Kernel/arch optimisation: -Ofast -fno-inline (speed)
-- ULMK_ARCH=tricore  ULMK_CHIP_DIR=/board
--   [component] tricore_asclin DISABLED
--   [component] hello_world DISABLED
--   [component] ping_pong DISABLED
--   [component] board_adc_pot DISABLED
--   [component] board_blinky ENABLED
--   [component] board_can_loopback DISABLED
--   [component] board_i2c_scanner DISABLED
--   [component] board_pwm_led DISABLED
--   [component] gpio_led_notify DISABLED
--   [component] smp_can_demo DISABLED
--   [component] board_leds DISABLED
--   [component] silicon_baseline DISABLED
--   [component] silicon_cap_neg DISABLED
--   [component] silicon_destroy_waiters DISABLED
--   [component] silicon_e2e DISABLED
--   [component] silicon_fault_policy DISABLED
--   [component] silicon_ipc_pi DISABLED
--   [component] silicon_irq_stress DISABLED
--   [component] silicon_kill_rendezvous DISABLED
--   [component] silicon_mem_grant DISABLED
--   [component] silicon_pool_exhaust DISABLED
--   [component] silicon_recv_or_notif_race DISABLED
--   [component] silicon_smp_smoke DISABLED
--   [component] silicon_stress DISABLED
--   [component] silicon_unit DISABLED
--   [component] silicon_wcet DISABLED
--   [component] ROOT_THREAD: board_blinky
-- Configuring done (0.1s)
-- Generating done (0.0s)
-- Build files have been written to: /build/ulipe-tricore-tc275_lite
--- build ---
ninja: Entering directory `/build/ulipe-tricore-tc275_lite'
[1/2] Building C object CMakeFiles/ulmk.dir/board/board_init.c.obj
[2/2] Linking C executable ulmk
   text	   data	    bss	    dec	    hex	filename
  48282	      8	 129008	 177298	  2b492	/build/ulipe-tricore-tc275_lite/ulmk
Build OK ‚Üí /build/ulipe-tricore-tc275_lite/ulmk
build_ec=0
flash: ulmk (48392 B, sectors 0-2)
  erase...
  program...
  start...
  flash + start ‚Äî done
ˇ˚ˇ˚ˇ˝ˇ˛Open On-Chip Debugger
> halt
> reg PC
PC (/32): 0xa0000178
> mdw 0x70009480 4
0x70009480: 00000000 00000000 00000000 00000000 
> exit
PC=0xa0000178
0xa0000178
_trap_class3
??:?
/home/ulipe/fun/ulmk/.hil_tmp/verify2.sh: line 15: 902732 Killed                  "$OCD" -s "$SCRIPTS" -s "$BOARD/openocd" -f "$CFG_NAKED" > "$OUT/ocd-v2.log" 2>&1
DONE2
